Property/app/build/intermediates/manifest_merge_blame_file/debug/manifest-merger-blame-debug-report.txt
1<?xml version="1.0" encoding="utf-8"?>
2<manifest xmlns:android="http://schemas.android.com/apk/res/android"
3    package="com.kkpip2022.property"
4    android:versionCode="1"
5    android:versionName="1.0" >
6
7    <uses-sdk
8        android:minSdkVersion="29"
8-->src/main/AndroidManifest.xml
9        android:targetSdkVersion="30" />
9-->src/main/AndroidManifest.xml
10    <!-- 网络权限 -->
11    <uses-permission android:name="android.permission.INTERNET" /> <!-- 使用手机震动权限 -->
11-->src/main/AndroidManifest.xml:6:5-67
11-->src/main/AndroidManifest.xml:6:22-64
12    <uses-permission android:name="android.permission.VIBRATE" /> <!-- 相机权限 ZXing 扫描条形码和二维码需要使用 -->
12-->src/main/AndroidManifest.xml:7:5-66
12-->src/main/AndroidManifest.xml:7:22-63
13    <uses-permission android:name="android.permission.CAMERA" />
13-->src/main/AndroidManifest.xml:8:5-65
13-->src/main/AndroidManifest.xml:8:22-62
14
15    <!-- Don't require camera, as this requires a rear camera. This allows it to work on the Nexus 7 -->
16    <uses-feature
16-->[com.journeyapps:zxing-android-embedded:3.5.0] AndroidManifest.xml:24:5-26:36
17        android:name="android.hardware.camera"
17-->[com.journeyapps:zxing-android-embedded:3.5.0] AndroidManifest.xml:25:9-47
18        android:required="false" />
18-->[com.journeyapps:zxing-android-embedded:3.5.0] AndroidManifest.xml:26:9-33
19    <uses-feature
19-->[com.journeyapps:zxing-android-embedded:3.5.0] AndroidManifest.xml:27:5-29:36
20        android:name="android.hardware.camera.front"
20-->[com.journeyapps:zxing-android-embedded:3.5.0] AndroidManifest.xml:28:9-53
21        android:required="false" /> <!-- TODO replace above two with next line after Android 4.2 -->
21-->[com.journeyapps:zxing-android-embedded:3.5.0] AndroidManifest.xml:29:9-33
22    <!-- <uses-feature android:name="android.hardware.camera.any"/> -->
23    <uses-feature
23-->[com.journeyapps:zxing-android-embedded:3.5.0] AndroidManifest.xml:32:5-34:36
24        android:name="android.hardware.camera.autofocus"
24-->[com.journeyapps:zxing-android-embedded:3.5.0] AndroidManifest.xml:33:9-57
25        android:required="false" />
25-->[com.journeyapps:zxing-android-embedded:3.5.0] AndroidManifest.xml:34:9-33
26    <uses-feature
26-->[com.journeyapps:zxing-android-embedded:3.5.0] AndroidManifest.xml:35:5-37:36
27        android:name="android.hardware.camera.flash"
27-->[com.journeyapps:zxing-android-embedded:3.5.0] AndroidManifest.xml:36:9-53
28        android:required="false" />
28-->[com.journeyapps:zxing-android-embedded:3.5.0] AndroidManifest.xml:37:9-33
29    <uses-feature
29-->[com.journeyapps:zxing-android-embedded:3.5.0] AndroidManifest.xml:38:5-40:36
30        android:name="android.hardware.screen.landscape"
30-->[com.journeyapps:zxing-android-embedded:3.5.0] AndroidManifest.xml:39:9-57
31        android:required="false" />
31-->[com.journeyapps:zxing-android-embedded:3.5.0] AndroidManifest.xml:40:9-33
32    <uses-feature
32-->[com.journeyapps:zxing-android-embedded:3.5.0] AndroidManifest.xml:41:5-43:36
33        android:name="android.hardware.wifi"
33-->[com.journeyapps:zxing-android-embedded:3.5.0] AndroidManifest.xml:42:9-45
34        android:required="false" />
34-->[com.journeyapps:zxing-android-embedded:3.5.0] AndroidManifest.xml:43:9-33
35
36    <application
36-->src/main/AndroidManifest.xml:10:5-53:19
37        android:allowBackup="true"
37-->src/main/AndroidManifest.xml:11:9-35
38        android:appComponentFactory="androidx.core.app.CoreComponentFactory"
38-->[androidx.core:core:1.8.0] AndroidManifest.xml:24:18-86
39        android:dataExtractionRules="@xml/data_extraction_rules"
39-->src/main/AndroidManifest.xml:12:9-65
40        android:debuggable="true"
41        android:extractNativeLibs="false"
42        android:fullBackupContent="@xml/backup_rules"
42-->src/main/AndroidManifest.xml:13:9-54
43        android:icon="@mipmap/ic_launcher"
43-->src/main/AndroidManifest.xml:14:9-43
44        android:label="@string/app_name"
44-->src/main/AndroidManifest.xml:15:9-41
45        android:roundIcon="@mipmap/ic_launcher_round"
45-->src/main/AndroidManifest.xml:16:9-54
46        android:supportsRtl="true"
46-->src/main/AndroidManifest.xml:17:9-35
47        android:testOnly="true"
48        android:theme="@style/Theme.Property"
48-->src/main/AndroidManifest.xml:18:9-46
49        android:usesCleartextTraffic="true" >
49-->src/main/AndroidManifest.xml:19:9-44
50        <activity
50-->src/main/AndroidManifest.xml:21:9-23:40
51            android:name="com.kkpip2022.property.activity.CategoryDetail"
51-->src/main/AndroidManifest.xml:22:13-52
52            android:exported="false" />
52-->src/main/AndroidManifest.xml:23:13-37
53        <activity
53-->src/main/AndroidManifest.xml:24:9-26:40
54            android:name="com.kkpip2022.property.activity.Home"
54-->src/main/AndroidManifest.xml:25:13-42
55            android:exported="false" />
55-->src/main/AndroidManifest.xml:26:13-37
56        <activity
56-->src/main/AndroidManifest.xml:27:9-29:40
57            android:name="com.kkpip2022.property.activity.ServerConf"
57-->src/main/AndroidManifest.xml:28:13-48
58            android:exported="false" />
58-->src/main/AndroidManifest.xml:29:13-37
59        <activity
59-->src/main/AndroidManifest.xml:30:9-32:40
60            android:name="com.kkpip2022.property.activity.Signup"
60-->src/main/AndroidManifest.xml:31:13-44
61            android:exported="false" />
61-->src/main/AndroidManifest.xml:32:13-37
62        <activity
62-->src/main/AndroidManifest.xml:33:9-35:40
63            android:name="com.kkpip2022.property.activity.Login"
63-->src/main/AndroidManifest.xml:34:13-43
64            android:exported="false" />
64-->src/main/AndroidManifest.xml:35:13-37
65        <activity
65-->src/main/AndroidManifest.xml:36:9-44:20
66            android:name="com.kkpip2022.property.activity.Welcome"
66-->src/main/AndroidManifest.xml:37:13-45
67            android:exported="true" >
67-->src/main/AndroidManifest.xml:38:13-36
68            <intent-filter>
68-->src/main/AndroidManifest.xml:39:13-43:29
69                <action android:name="android.intent.action.MAIN" />
69-->src/main/AndroidManifest.xml:40:17-69
69-->src/main/AndroidManifest.xml:40:25-66
70
71                <category android:name="android.intent.category.LAUNCHER" />
71-->src/main/AndroidManifest.xml:42:17-77
71-->src/main/AndroidManifest.xml:42:27-74
72            </intent-filter>
73        </activity>
74        <activity
74-->src/main/AndroidManifest.xml:45:9-47:40
75            android:name="com.kkpip2022.property.activity.MainActivity"
75-->src/main/AndroidManifest.xml:46:13-50
76            android:exported="false" />
76-->src/main/AndroidManifest.xml:47:13-37
77        <activity
77-->src/main/AndroidManifest.xml:48:9-52:57
78            android:name="com.kkpip2022.property.util.Capture"
78-->src/main/AndroidManifest.xml:49:13-41
79            android:screenOrientation="portrait"
79-->src/main/AndroidManifest.xml:50:13-49
80            android:stateNotNeeded="true"
80-->src/main/AndroidManifest.xml:51:13-42
81            android:theme="@style/zxing_CaptureTheme" />
81-->src/main/AndroidManifest.xml:52:13-54
82        <activity
82-->[com.journeyapps:zxing-android-embedded:3.5.0] AndroidManifest.xml:46:9-52:63
83            android:name="com.journeyapps.barcodescanner.CaptureActivity"
83-->[com.journeyapps:zxing-android-embedded:3.5.0] AndroidManifest.xml:47:13-74
84            android:clearTaskOnLaunch="true"
84-->[com.journeyapps:zxing-android-embedded:3.5.0] AndroidManifest.xml:48:13-45
85            android:screenOrientation="sensorLandscape"
85-->[com.journeyapps:zxing-android-embedded:3.5.0] AndroidManifest.xml:49:13-56
86            android:stateNotNeeded="true"
86-->[com.journeyapps:zxing-android-embedded:3.5.0] AndroidManifest.xml:50:13-42
87            android:theme="@style/zxing_CaptureTheme"
87-->[com.journeyapps:zxing-android-embedded:3.5.0] AndroidManifest.xml:51:13-54
88            android:windowSoftInputMode="stateAlwaysHidden" />
88-->[com.journeyapps:zxing-android-embedded:3.5.0] AndroidManifest.xml:52:13-60
89
90        <provider
90-->[androidx.emoji2:emoji2:1.2.0] AndroidManifest.xml:24:9-32:20
91            android:name="androidx.startup.InitializationProvider"
91-->[androidx.emoji2:emoji2:1.2.0] AndroidManifest.xml:25:13-67
92            android:authorities="com.kkpip2022.property.androidx-startup"
92-->[androidx.emoji2:emoji2:1.2.0] AndroidManifest.xml:26:13-68
93            android:exported="false" >
93-->[androidx.emoji2:emoji2:1.2.0] AndroidManifest.xml:27:13-37
94            <meta-data
94-->[androidx.emoji2:emoji2:1.2.0] AndroidManifest.xml:29:13-31:52
95                android:name="androidx.emoji2.text.EmojiCompatInitializer"
95-->[androidx.emoji2:emoji2:1.2.0] AndroidManifest.xml:30:17-75
96                android:value="androidx.startup" />
96-->[androidx.emoji2:emoji2:1.2.0] AndroidManifest.xml:31:17-49
97            <meta-data
97-->[androidx.lifecycle:lifecycle-process:2.4.1] AndroidManifest.xml:31:13-33:52
98                android:name="androidx.lifecycle.ProcessLifecycleInitializer"
98-->[androidx.lifecycle:lifecycle-process:2.4.1] AndroidManifest.xml:32:17-78
99                android:value="androidx.startup" />
99-->[androidx.lifecycle:lifecycle-process:2.4.1] AndroidManifest.xml:33:17-49
100        </provider>
101    </application>
102
103</manifest>